<?xml version="1.0" encoding="UTF-8"?>
<testng-results ignored="0" total="2" passed="2" failed="0" skipped="0">
  <reporter-output>
    <line>
      <![CDATA[Setting browser as chrome]]>
    </line>
    <line>
      <![CDATA[Closing Browser]]>
    </line>
    <line>
      <![CDATA[Setting browser as chrome]]>
    </line>
    <line>
      <![CDATA[getting pincode error msg, msg is Please enter a valid pincode]]>
    </line>
    <line>
      <![CDATA[getting mobile number error msg, msg is Please enter a valid mobile no.]]>
    </line>
    <line>
      <![CDATA[Pincode error message is: Please enter a valid pincode]]>
    </line>
    <line>
      <![CDATA[Mobile number error message is: Please enter a valid mobile no.]]>
    </line>
    <line>
      <![CDATA[pin error message validation is completed]]>
    </line>
    <line>
      <![CDATA[mobile number error message validation is completed]]>
    </line>
    <line>
      <![CDATA[Closing Browser]]>
    </line>
  </reporter-output>
  <suite started-at="2025-11-15T19:41:04 IST" name="Suite" finished-at="2025-11-15T19:42:04 IST" duration-ms="59972">
    <groups>
      <group name="cucumber">
        <method signature="AbstractTestNGCucumberTests.runScenario(io.cucumber.testng.PickleWrapper,io.cucumber.testng.FeatureWrapper)[pri:0, instance:runner.HealthInsuranceRunner@776aec5c]" name="runScenario" class="io.cucumber.testng.AbstractTestNGCucumberTests"/>
      </group> <!-- cucumber -->
    </groups>
    <test started-at="2025-11-15T19:41:04 IST" name="Test" finished-at="2025-11-15T19:42:04 IST" duration-ms="59972">
      <class name="runner.HealthInsuranceRunner">
        <test-method is-config="true" signature="setUpClass(org.testng.ITestContext)[pri:0, instance:runner.HealthInsuranceRunner@776aec5c]" started-at="2025-11-15T19:41:04 IST" name="setUpClass" finished-at="2025-11-15T19:41:04 IST" duration-ms="547" status="PASS">
          <params>
            <param index="0">
              <value>
                <![CDATA[org.testng.TestRunner@3ddeaa5f]]>
              </value>
            </param>
          </params>
          <reporter-output>
          </reporter-output>
        </test-method> <!-- setUpClass -->
        <test-method signature="runScenario(io.cucumber.testng.PickleWrapper,io.cucumber.testng.FeatureWrapper)[pri:0, instance:runner.HealthInsuranceRunner@776aec5c]" started-at="2025-11-15T19:41:04 IST" name="runScenario" description="Runs Cucumber Scenarios" data-provider="scenarios" finished-at="2025-11-15T19:41:32 IST" duration-ms="28165" status="PASS">
          <params>
            <param index="0">
              <value>
                <![CDATA["TC01: Validate CoverFox Health Insurance plan for single person"]]>
              </value>
            </param>
            <param index="1">
              <value>
                <![CDATA["CoverFox Health Insurance test"]]>
              </value>
            </param>
          </params>
          <reporter-output>
            <line>
              <![CDATA[Setting browser as chrome]]>
            </line>
            <line>
              <![CDATA[Closing Browser]]>
            </line>
          </reporter-output>
        </test-method> <!-- runScenario -->
        <test-method signature="runScenario(io.cucumber.testng.PickleWrapper,io.cucumber.testng.FeatureWrapper)[pri:0, instance:runner.HealthInsuranceRunner@776aec5c]" started-at="2025-11-15T19:41:32 IST" name="runScenario" description="Runs Cucumber Scenarios" data-provider="scenarios" finished-at="2025-11-15T19:42:02 IST" duration-ms="29172" status="PASS">
          <params>
            <param index="0">
              <value>
                <![CDATA["TC02: Validate CoverFox Health Insurance plan for single person"]]>
              </value>
            </param>
            <param index="1">
              <value>
                <![CDATA["CoverFox Health Insurance test"]]>
              </value>
            </param>
          </params>
          <reporter-output>
            <line>
              <![CDATA[Setting browser as chrome]]>
            </line>
            <line>
              <![CDATA[getting pincode error msg, msg is Please enter a valid pincode]]>
            </line>
            <line>
              <![CDATA[getting mobile number error msg, msg is Please enter a valid mobile no.]]>
            </line>
            <line>
              <![CDATA[Pincode error message is: Please enter a valid pincode]]>
            </line>
            <line>
              <![CDATA[Mobile number error message is: Please enter a valid mobile no.]]>
            </line>
            <line>
              <![CDATA[pin error message validation is completed]]>
            </line>
            <line>
              <![CDATA[mobile number error message validation is completed]]>
            </line>
            <line>
              <![CDATA[Closing Browser]]>
            </line>
          </reporter-output>
        </test-method> <!-- runScenario -->
        <test-method is-config="true" signature="tearDownClass()[pri:0, instance:runner.HealthInsuranceRunner@776aec5c]" started-at="2025-11-15T19:42:02 IST" name="tearDownClass" finished-at="2025-11-15T19:42:04 IST" duration-ms="2036" status="PASS">
          <reporter-output>
          </reporter-output>
        </test-method> <!-- tearDownClass -->
      </class> <!-- runner.HealthInsuranceRunner -->
    </test> <!-- Test -->
  </suite> <!-- Suite -->
</testng-results>
