<?xml version="1.0" encoding="UTF-8"?>
<testsuite xmlns:xsi="http://www.w3.org/2001/XMLSchema-instance" xsi:noNamespaceSchemaLocation="https://maven.apache.org/surefire/maven-surefire-plugin/xsd/surefire-test-report.xsd" version="3.0.2" name="TestSuite" time="60.516" tests="2" errors="0" skipped="0" failures="0">
  <properties>
[...]
</properties>
  <testcase name="runScenario[&quot;TC01: Validate CoverFox Health Insurance plan for single person&quot;, &quot;CoverFox Health Insurance test&quot;](1)" classname="runner.HealthInsuranceRunner" time="28.165">
    <system-out><![CDATA[
Scenario: TC01: Validate CoverFox Health Insurance plan for single person                     # file:///D:/new%20eclipse/31StMayCoverFoxTest/src/test/resources/coverFoxFeatures/CoverFoxHealthInsurance.feature:2
readingbrowserand value is chrome
Setting browser as chrome
readingurland value is https://www.coverfox.com/
I am on home page
  ✔ Given I am on home page                                                                   # stepDefinitions.HealthInsurance.i_am_on_home_page()
I click on get started button
clicking on getStartedButton
  ✔ When I click on get started button                                                        # stepDefinitions.HealthInsurance.i_click_on_get_started_button()
I click on next button
clicking on next button
  ✔ And I click on next button                                                                # stepDefinitions.HealthInsurance.i_click_on_next_button()
I provide age as 34 and click on next button
Handling drop down, alue is  34 years 
clicking on next button
  ✔ And I provide age as "34" and click on next button                                        # stepDefinitions.HealthInsurance.i_provide_age_as_and_click_on_next_button(java.lang.String)
I provide pincode as  411046 mobNumber as 8888888888 and click on continue button
entering pin code... value is 411046
entering mobile number... value is 8888888888
clicking on continue button
  ✔ And I provide pincode as "411046", mobNumber as "8888888888" and click on continue button # stepDefinitions.HealthInsurance.i_provide_pincode_as_mob_number_as_and_click_on_continue_button(java.lang.String,java.lang.String)
matching Health Insurance Plans should be displayed as 48
fetching matching result
  ✔ Then matching Health Insurance Plans should be displayed as "48"                          # stepDefinitions.HealthInsurance.matching_health_insurance_plans_should_be_displayed_as(java.lang.String)
Closing Browser
]]></system-out>
    <system-err><![CDATA[SLF4J(W): No SLF4J providers were found.
SLF4J(W): Defaulting to no-operation (NOP) logger implementation
SLF4J(W): See https://www.slf4j.org/codes.html#noProviders for further details.
Nov 15, 2025 7:41:07 PM org.openqa.selenium.devtools.CdpVersionFinder findNearestMatch
WARNING: Unable to find an exact match for CDP version 141, returning the closest version; found: 140; Please update to a Selenium version that supports CDP version 141
]]></system-err>
  </testcase>
  <testcase name="runScenario[&quot;TC02: Validate CoverFox Health Insurance plan for single person&quot;, &quot;CoverFox Health Insurance test&quot;](2)" classname="runner.HealthInsuranceRunner" time="29.168">
    <system-out><![CDATA[
Scenario: TC02: Validate CoverFox Health Insurance plan for single person # file:///D:/new%20eclipse/31StMayCoverFoxTest/src/test/resources/coverFoxFeatures/CoverFoxHealthInsurance.feature:10
readingbrowserand value is chrome
Setting browser as chrome
readingurland value is https://www.coverfox.com/
I am on home page
  ✔ Given I am on home page                                               # stepDefinitions.HealthInsurance.i_am_on_home_page()
I click on get started button
clicking on getStartedButton
  ✔ When I click on get started button                                    # stepDefinitions.HealthInsurance.i_click_on_get_started_button()
I click on next button
clicking on next button
  ✔ And I click on next button                                            # stepDefinitions.HealthInsurance.i_click_on_next_button()
I provide age as 34 and click on next button
Handling drop down, alue is  34 years 
clicking on next button
  ✔ And I provide age as "34" and click on next button                    # stepDefinitions.HealthInsurance.i_provide_age_as_and_click_on_next_button(java.lang.String)
clicking on continue button
  ✔ And I click on continue button                                        # stepDefinitions.HealthInsurance.i_click_on_continue_button()
getting pincode error msg, msg is Please enter a valid pincode
getting mobile number error msg, msg is Please enter a valid mobile no.
Pincode error message is: Please enter a valid pincode
Mobile number error message is: Please enter a valid mobile no.
pin error message validation is completed
mobile number error message validation is completed
  ✔ Then validate error messages                                          # stepDefinitions.HealthInsurance.validate_error_messages()
Closing Browser
]]></system-out>
    <system-err><![CDATA[Nov 15, 2025 7:41:33 PM org.openqa.selenium.devtools.CdpVersionFinder findNearestMatch
WARNING: Unable to find an exact match for CDP version 141, returning the closest version; found: 140; Please update to a Selenium version that supports CDP version 141
]]></system-err>
  </testcase>
</testsuite>