<?xml version="1.0" encoding="UTF-8"?>
<!-- Generated by org.testng.reporters.JUnitReportReporter -->
<testsuite hostname="DESKTOP-KIS4N2E" failures="0" tests="2" name="runner.HealthInsuranceRunner" time="58.288" errors="0" timestamp="2025-11-15T19:37:55 IST" skipped="0">
  <testcase classname="runner.HealthInsuranceRunner" name="runScenario" time="28.274">
    <system-out>
      <![CDATA[Setting browser as chrome
getting pincode error msg, msg is Please enter a valid pincode
getting mobile number error msg, msg is Please enter a valid mobile no.
Pincode error message is: Please enter a valid pincode
Mobile number error message is: Please enter a valid mobile no.
pin error message validation is completed
mobile number error message validation is completed
Closing Browser]]>
    </system-out>
  </testcase> <!-- runScenario -->
  <testcase classname="runner.HealthInsuranceRunner" name="runScenario" time="30.014">
    <system-out>
      <![CDATA[Setting browser as chrome
Closing Browser]]>
    </system-out>
  </testcase> <!-- runScenario -->
  <system-out>
    <![CDATA[Setting browser as chrome
Closing Browser
Setting browser as chrome
getting pincode error msg, msg is Please enter a valid pincode
getting mobile number error msg, msg is Please enter a valid mobile no.
Pincode error message is: Please enter a valid pincode
Mobile number error message is: Please enter a valid mobile no.
pin error message validation is completed
mobile number error message validation is completed
Closing Browser]]>
  </system-out>
</testsuite> <!-- runner.HealthInsuranceRunner -->
