<?xml version="1.0" encoding="UTF-8"?>
<!-- Generated by org.testng.reporters.JUnitReportReporter -->
<testsuite hostname="DESKTOP-KIS4N2E" failures="1" tests="2" name="runner.HealthInsuranceRunner" time="63.375" errors="0" timestamp="2025-11-06T19:45:11 IST" skipped="0">
  <testcase classname="runner.HealthInsuranceRunner" name="runScenario" time="33.191">
    <failure message="expected [58] but found [48]" type="java.lang.AssertionError">
      <![CDATA[java.lang.AssertionError: expected [58] but found [48]
at org.testng.Assert.fail(Assert.java:111)
at org.testng.Assert.failNotEquals(Assert.java:1590)
at org.testng.Assert.assertEqualsImpl(Assert.java:150)
at org.testng.Assert.assertEquals(Assert.java:132)
at org.testng.Assert.assertEquals(Assert.java:656)
at org.testng.Assert.assertEquals(Assert.java:666)
at stepDefinitions.HealthInsurance.matching_health_insurance_plans_should_be_displayed_as(HealthInsurance.java:82)
at ✽.matching Health Insurance Plans should be displayed as "58"(file:///D:/new%20eclipse/31StMayCoverFoxTest/src/test/resources/coverFoxFeatures/CoverFoxHealthInsurance.feature:8)
]]>
    </failure>
    <system-out>
      <![CDATA[setting browser as chrome
taking screenShot
closing browser]]>
    </system-out>
  </testcase> <!-- runScenario -->
  <testcase classname="runner.HealthInsuranceRunner" name="runScenario" time="30.184">
    <system-out>
      <![CDATA[setting browser as chrome
getting pincode error msg, msg is Please enter a valid pincode
getting mobile number error msg, msg is Please enter a valid mobile no.
Pincode error message is: Please enter a valid pincode
Mobile number error message is: Please enter a valid mobile no.
closing browser]]>
    </system-out>
  </testcase> <!-- runScenario -->
  <system-out>
    <![CDATA[setting browser as chrome
taking screenShot
closing browser
setting browser as chrome
getting pincode error msg, msg is Please enter a valid pincode
getting mobile number error msg, msg is Please enter a valid mobile no.
Pincode error message is: Please enter a valid pincode
Mobile number error message is: Please enter a valid mobile no.
closing browser]]>
  </system-out>
</testsuite> <!-- runner.HealthInsuranceRunner -->
