<?xml version="1.0" encoding="UTF-8"?>
<!-- Generated by org.testng.reporters.JUnitReportReporter -->
<testsuite hostname="DESKTOP-KIS4N2E" failures="1" tests="11" name="assertionStudy.Keywords" time="9.725" errors="0" timestamp="2025-11-05T20:41:02 IST" skipped="1">
  <testcase classname="assertionStudy.Keywords" name="loginn" time="0.002">
    <system-out>
      <![CDATA[loginn test]]>
    </system-out>
  </testcase> <!-- loginn -->
  <testcase classname="assertionStudy.Keywords" name="c" time="0.002">
    <system-out>
      <![CDATA[c test]]>
    </system-out>
  </testcase> <!-- c -->
  <testcase classname="assertionStudy.Keywords" name="f" time="6.940"/>
  <testcase classname="assertionStudy.Keywords" name="login" time="0.003">
    <system-out>
      <![CDATA[login test]]>
    </system-out>
  </testcase> <!-- login -->
  <testcase classname="assertionStudy.Keywords" name="login1" time="1.022">
    <system-out>
      <![CDATA[login1 test]]>
    </system-out>
  </testcase> <!-- login1 -->
  <testcase classname="assertionStudy.Keywords" name="logout" time="0.002">
    <system-out>
      <![CDATA[logout test]]>
    </system-out>
  </testcase> <!-- logout -->
  <testcase classname="assertionStudy.Keywords" name="b" time="0.005">
    <failure message="null" type="java.lang.AssertionError">
      <![CDATA[java.lang.AssertionError: null
at org.testng.Assert.fail(Assert.java:111)
at org.testng.Assert.fail(Assert.java:116)
at assertionStudy.Keywords.b(Keywords.java:58)
at java.base/jdk.internal.reflect.DirectMethodHandleAccessor.invoke(DirectMethodHandleAccessor.java:103)
at java.base/java.lang.reflect.Method.invoke(Method.java:580)
at org.testng.internal.invokers.MethodInvocationHelper.invokeMethod(MethodInvocationHelper.java:141)
at org.testng.internal.invokers.TestInvoker.invokeMethod(TestInvoker.java:687)
at org.testng.internal.invokers.TestInvoker.invokeTestMethod(TestInvoker.java:230)
at org.testng.internal.invokers.MethodRunner.runInSequence(MethodRunner.java:63)
at org.testng.internal.invokers.TestInvoker$MethodInvocationAgent.invoke(TestInvoker.java:995)
at org.testng.internal.invokers.TestInvoker.invokeTestMethods(TestInvoker.java:203)
at org.testng.internal.invokers.TestMethodWorker.invokeTestMethods(TestMethodWorker.java:154)
at org.testng.internal.invokers.TestMethodWorker.run(TestMethodWorker.java:134)
at java.base/java.util.ArrayList.forEach(ArrayList.java:1597)
at org.testng.TestRunner.privateRun(TestRunner.java:741)
at org.testng.TestRunner.run(TestRunner.java:616)
at org.testng.SuiteRunner.runTest(SuiteRunner.java:421)
at org.testng.SuiteRunner.runSequentially(SuiteRunner.java:413)
at org.testng.SuiteRunner.privateRun(SuiteRunner.java:373)
at org.testng.SuiteRunner.run(SuiteRunner.java:312)
at org.testng.SuiteRunnerWorker.runSuite(SuiteRunnerWorker.java:52)
at org.testng.SuiteRunnerWorker.run(SuiteRunnerWorker.java:95)
at org.testng.TestNG.runSuitesSequentially(TestNG.java:1274)
at org.testng.TestNG.runSuitesLocally(TestNG.java:1208)
at org.testng.TestNG.runSuites(TestNG.java:1112)
at org.testng.TestNG.run(TestNG.java:1079)
at org.testng.remote.AbstractRemoteTestNG.run(AbstractRemoteTestNG.java:115)
at org.testng.remote.RemoteTestNG.initAndRun(RemoteTestNG.java:293)
at org.testng.remote.RemoteTestNG.main(RemoteTestNG.java:91)
]]>
    </failure>
  </testcase> <!-- b -->
  <testcase classname="assertionStudy.Keywords" name="a" time="0.000">
    <skipped/>
  </testcase> <!-- a -->
  <testcase classname="assertionStudy.Keywords" name="f" time="1.743"/>
  <testcase classname="assertionStudy.Keywords" name="signIn" time="0.002">
    <system-out>
      <![CDATA[c test]]>
    </system-out>
  </testcase> <!-- signIn -->
  <testcase classname="assertionStudy.Keywords" name="payment" time="0.004">
    <system-out>
      <![CDATA[payment test]]>
    </system-out>
  </testcase> <!-- payment -->
  <system-out>
    <![CDATA[providing pincode and mobile num
a_running result validation
clearing browserhistory
providing pincode and mobile num
z_running result validation new
clearing browserhistory
loginn test
c test
login test
login1 test
logout test
c test
payment test]]>
  </system-out>
</testsuite> <!-- assertionStudy.Keywords -->
